[DEBUG][2019/11/01 17:57:49172][com.jmfen.goimclient.App.main(App.java:19)]
我是debug信息
[INFO ][2019/11/01 17:57:49173][com.jmfen.goimclient.App.main(App.java:20)]
我是info信息
[WARN ][2019/11/01 17:57:49174][com.jmfen.goimclient.App.main(App.java:21)]
我是warn信息
[ERROR][2019/11/01 17:57:49174][com.jmfen.goimclient.App.main(App.java:22)]
我是error信息
[FATAL][2019/11/01 17:57:49174][com.jmfen.goimclient.App.main(App.java:23)]
我是fatal信息
[DEBUG][2019/11/01 17:57:49174][com.jmfen.goimclient.TestLog.printlog(TestLog.java:11)]
我是debug信息
[INFO ][2019/11/01 17:57:49175][com.jmfen.goimclient.TestLog.printlog(TestLog.java:12)]
我是info信息
[WARN ][2019/11/01 17:57:49176][com.jmfen.goimclient.TestLog.printlog(TestLog.java:13)]
我是warn信息
[ERROR][2019/11/01 17:57:49177][com.jmfen.goimclient.TestLog.printlog(TestLog.java:14)]
我是error信息
[FATAL][2019/11/01 17:57:49177][com.jmfen.goimclient.TestLog.printlog(TestLog.java:15)]
我是fatal信息
